<?xml version="1.0" encoding="UTF-8"?>
<testsuite xmlns:xsi="http://www.w3.org/2001/XMLSchema-instance" xsi:noNamespaceSchemaLocation="https://maven.apache.org/surefire/maven-surefire-plugin/xsd/surefire-test-report.xsd" version="3.0.2" name="fr.insa.ms.server.config.ConfigClient.ConfigClientApplicationTests" time="3.496" tests="1" errors="0" skipped="0" failures="0">
  <properties>
    <property name="java.specification.version" value="17"/>
    <property name="sun.jnu.encoding" value="UTF-8"/>
    <property name="java.class.path" value="/home/yqnguyen/eclipse-workspace/ConfigClient/target/test-classes:/home/yqnguyen/eclipse-workspace/ConfigClient/target/classes:/home/yqnguyen/.m2/repository/org/springframework/boot/spring-boot-starter-web/3.4.0/spring-boot-starter-web-3.4.0.jar:/home/yqnguyen/.m2/repository/org/springframework/boot/spring-boot-starter/3.4.0/spring-boot-starter-3.4.0.jar:/home/yqnguyen/.m2/repository/org/springframework/boot/spring-boot/3.4.0/spring-boot-3.4.0.jar:/home/yqnguyen/.m2/repository/org/springframework/boot/spring-boot-autoconfigure/3.4.0/spring-boot-autoconfigure-3.4.0.jar:/home/yqnguyen/.m2/repository/org/springframework/boot/spring-boot-starter-logging/3.4.0/spring-boot-starter-logging-3.4.0.jar:/home/yqnguyen/.m2/repository/ch/qos/logback/logback-classic/1.5.12/logback-classic-1.5.12.jar:/home/yqnguyen/.m2/repository/ch/qos/logback/logback-core/1.5.12/logback-core-1.5.12.jar:/home/yqnguyen/.m2/repository/org/apache/logging/log4j/log4j-to-slf4j/2.24.1/log4j-to-slf4j-2.24.1.jar:/home/yqnguyen/.m2/repository/org/apache/logging/log4j/log4j-api/2.24.1/log4j-api-2.24.1.jar:/home/yqnguyen/.m2/repository/org/slf4j/jul-to-slf4j/2.0.16/jul-to-slf4j-2.0.16.jar:/home/yqnguyen/.m2/repository/jakarta/annotation/jakarta.annotation-api/2.1.1/jakarta.annotation-api-2.1.1.jar:/home/yqnguyen/.m2/repository/org/yaml/snakeyaml/2.3/snakeyaml-2.3.jar:/home/yqnguyen/.m2/repository/org/springframework/boot/spring-boot-starter-json/3.4.0/spring-boot-starter-json-3.4.0.jar:/home/yqnguyen/.m2/repository/com/fasterxml/jackson/datatype/jackson-datatype-jdk8/2.18.1/jackson-datatype-jdk8-2.18.1.jar:/home/yqnguyen/.m2/repository/com/fasterxml/jackson/datatype/jackson-datatype-jsr310/2.18.1/jackson-datatype-jsr310-2.18.1.jar:/home/yqnguyen/.m2/repository/com/fasterxml/jackson/module/jackson-module-parameter-names/2.18.1/jackson-module-parameter-names-2.18.1.jar:/home/yqnguyen/.m2/repository/org/springframework/boot/spring-boot-starter-tomcat/3.4.0/spring-boot-starter-tomcat-3.4.0.jar:/home/yqnguyen/.m2/repository/org/apache/tomcat/embed/tomcat-embed-core/10.1.33/tomcat-embed-core-10.1.33.jar:/home/yqnguyen/.m2/repository/org/apache/tomcat/embed/tomcat-embed-el/10.1.33/tomcat-embed-el-10.1.33.jar:/home/yqnguyen/.m2/repository/org/apache/tomcat/embed/tomcat-embed-websocket/10.1.33/tomcat-embed-websocket-10.1.33.jar:/home/yqnguyen/.m2/repository/org/springframework/spring-web/6.2.0/spring-web-6.2.0.jar:/home/yqnguyen/.m2/repository/org/springframework/spring-beans/6.2.0/spring-beans-6.2.0.jar:/home/yqnguyen/.m2/repository/io/micrometer/micrometer-observation/1.14.1/micrometer-observation-1.14.1.jar:/home/yqnguyen/.m2/repository/io/micrometer/micrometer-commons/1.14.1/micrometer-commons-1.14.1.jar:/home/yqnguyen/.m2/repository/org/springframework/spring-webmvc/6.2.0/spring-webmvc-6.2.0.jar:/home/yqnguyen/.m2/repository/org/springframework/spring-aop/6.2.0/spring-aop-6.2.0.jar:/home/yqnguyen/.m2/repository/org/springframework/spring-context/6.2.0/spring-context-6.2.0.jar:/home/yqnguyen/.m2/repository/org/springframework/spring-expression/6.2.0/spring-expression-6.2.0.jar:/home/yqnguyen/.m2/repository/org/springframework/cloud/spring-cloud-starter-config/4.2.0-RC1/spring-cloud-starter-config-4.2.0-RC1.jar:/home/yqnguyen/.m2/repository/org/springframework/cloud/spring-cloud-starter/4.2.0-RC1/spring-cloud-starter-4.2.0-RC1.jar:/home/yqnguyen/.m2/repository/org/springframework/cloud/spring-cloud-context/4.2.0-RC1/spring-cloud-context-4.2.0-RC1.jar:/home/yqnguyen/.m2/repository/org/springframework/security/spring-security-crypto/6.4.1/spring-security-crypto-6.4.1.jar:/home/yqnguyen/.m2/repository/org/springframework/cloud/spring-cloud-commons/4.2.0-RC1/spring-cloud-commons-4.2.0-RC1.jar:/home/yqnguyen/.m2/repository/org/bouncycastle/bcprov-jdk18on/1.78.1/bcprov-jdk18on-1.78.1.jar:/home/yqnguyen/.m2/repository/org/springframework/cloud/spring-cloud-config-client/4.2.0-RC1/spring-cloud-config-client-4.2.0-RC1.jar:/home/yqnguyen/.m2/repository/com/fasterxml/jackson/core/jackson-annotations/2.18.1/jackson-annotations-2.18.1.jar:/home/yqnguyen/.m2/repository/org/apache/httpcomponents/client5/httpclient5/5.4.1/httpclient5-5.4.1.jar:/home/yqnguyen/.m2/repository/org/apache/httpcomponents/core5/httpcore5/5.3.1/httpcore5-5.3.1.jar:/home/yqnguyen/.m2/repository/org/apache/httpcomponents/core5/httpcore5-h2/5.3.1/httpcore5-h2-5.3.1.jar:/home/yqnguyen/.m2/repository/com/fasterxml/jackson/core/jackson-databind/2.18.1/jackson-databind-2.18.1.jar:/home/yqnguyen/.m2/repository/com/fasterxml/jackson/core/jackson-core/2.18.1/jackson-core-2.18.1.jar:/home/yqnguyen/.m2/repository/org/springframework/boot/spring-boot-starter-test/3.4.0/spring-boot-starter-test-3.4.0.jar:/home/yqnguyen/.m2/repository/org/springframework/boot/spring-boot-test/3.4.0/spring-boot-test-3.4.0.jar:/home/yqnguyen/.m2/repository/org/springframework/boot/spring-boot-test-autoconfigure/3.4.0/spring-boot-test-autoconfigure-3.4.0.jar:/home/yqnguyen/.m2/repository/com/jayway/jsonpath/json-path/2.9.0/json-path-2.9.0.jar:/home/yqnguyen/.m2/repository/org/slf4j/slf4j-api/2.0.16/slf4j-api-2.0.16.jar:/home/yqnguyen/.m2/repository/jakarta/xml/bind/jakarta.xml.bind-api/4.0.2/jakarta.xml.bind-api-4.0.2.jar:/home/yqnguyen/.m2/repository/jakarta/activation/jakarta.activation-api/2.1.3/jakarta.activation-api-2.1.3.jar:/home/yqnguyen/.m2/repository/net/minidev/json-smart/2.5.1/json-smart-2.5.1.jar:/home/yqnguyen/.m2/repository/net/minidev/accessors-smart/2.5.1/accessors-smart-2.5.1.jar:/home/yqnguyen/.m2/repository/org/ow2/asm/asm/9.6/asm-9.6.jar:/home/yqnguyen/.m2/repository/org/assertj/assertj-core/3.26.3/assertj-core-3.26.3.jar:/home/yqnguyen/.m2/repository/net/bytebuddy/byte-buddy/1.15.10/byte-buddy-1.15.10.jar:/home/yqnguyen/.m2/repository/org/awaitility/awaitility/4.2.2/awaitility-4.2.2.jar:/home/yqnguyen/.m2/repository/org/hamcrest/hamcrest/2.2/hamcrest-2.2.jar:/home/yqnguyen/.m2/repository/org/junit/jupiter/junit-jupiter/5.11.3/junit-jupiter-5.11.3.jar:/home/yqnguyen/.m2/repository/org/junit/jupiter/junit-jupiter-api/5.11.3/junit-jupiter-api-5.11.3.jar:/home/yqnguyen/.m2/repository/org/opentest4j/opentest4j/1.3.0/opentest4j-1.3.0.jar:/home/yqnguyen/.m2/repository/org/junit/platform/junit-platform-commons/1.11.3/junit-platform-commons-1.11.3.jar:/home/yqnguyen/.m2/repository/org/apiguardian/apiguardian-api/1.1.2/apiguardian-api-1.1.2.jar:/home/yqnguyen/.m2/repository/org/junit/jupiter/junit-jupiter-params/5.11.3/junit-jupiter-params-5.11.3.jar:/home/yqnguyen/.m2/repository/org/junit/jupiter/junit-jupiter-engine/5.11.3/junit-jupiter-engine-5.11.3.jar:/home/yqnguyen/.m2/repository/org/junit/platform/junit-platform-engine/1.11.3/junit-platform-engine-1.11.3.jar:/home/yqnguyen/.m2/repository/org/mockito/mockito-core/5.14.2/mockito-core-5.14.2.jar:/home/yqnguyen/.m2/repository/net/bytebuddy/byte-buddy-agent/1.15.10/byte-buddy-agent-1.15.10.jar:/home/yqnguyen/.m2/repository/org/objenesis/objenesis/3.3/objenesis-3.3.jar:/home/yqnguyen/.m2/repository/org/mockito/mockito-junit-jupiter/5.14.2/mockito-junit-jupiter-5.14.2.jar:/home/yqnguyen/.m2/repository/org/skyscreamer/jsonassert/1.5.3/jsonassert-1.5.3.jar:/home/yqnguyen/.m2/repository/com/vaadin/external/google/android-json/0.0.20131108.vaadin1/android-json-0.0.20131108.vaadin1.jar:/home/yqnguyen/.m2/repository/org/springframework/spring-core/6.2.0/spring-core-6.2.0.jar:/home/yqnguyen/.m2/repository/org/springframework/spring-jcl/6.2.0/spring-jcl-6.2.0.jar:/home/yqnguyen/.m2/repository/org/springframework/spring-test/6.2.0/spring-test-6.2.0.jar:/home/yqnguyen/.m2/repository/org/xmlunit/xmlunit-core/2.10.0/xmlunit-core-2.10.0.jar:"/>
    <property name="java.vm.vendor" value="Ubuntu"/>
    <property name="sun.arch.data.model" value="64"/>
    <property name="java.vendor.url" value="https://ubuntu.com/"/>
    <property name="user.timezone" value="Europe/Paris"/>
    <property name="os.name" value="Linux"/>
    <property name="java.vm.specification.version" value="17"/>
    <property name="APPLICATION_NAME" value="client-service"/>
    <property name="sun.java.launcher" value="SUN_STANDARD"/>
    <property name="user.country" value="FR"/>
    <property name="sun.boot.library.path" value="/usr/lib/jvm/java-17-openjdk-amd64/lib"/>
    <property name="sun.java.command" value="/home/yqnguyen/eclipse-workspace/ConfigClient/target/surefire/surefirebooter-20241130161711477_3.jar /home/yqnguyen/eclipse-workspace/ConfigClient/target/surefire 2024-11-30T16-17-11_306-jvmRun1 surefire-20241130161711477_1tmp surefire_0-20241130161711477_2tmp"/>
    <property name="jdk.debug" value="release"/>
    <property name="surefire.test.class.path" value="/home/yqnguyen/eclipse-workspace/ConfigClient/target/test-classes:/home/yqnguyen/eclipse-workspace/ConfigClient/target/classes:/home/yqnguyen/.m2/repository/org/springframework/boot/spring-boot-starter-web/3.4.0/spring-boot-starter-web-3.4.0.jar:/home/yqnguyen/.m2/repository/org/springframework/boot/spring-boot-starter/3.4.0/spring-boot-starter-3.4.0.jar:/home/yqnguyen/.m2/repository/org/springframework/boot/spring-boot/3.4.0/spring-boot-3.4.0.jar:/home/yqnguyen/.m2/repository/org/springframework/boot/spring-boot-autoconfigure/3.4.0/spring-boot-autoconfigure-3.4.0.jar:/home/yqnguyen/.m2/repository/org/springframework/boot/spring-boot-starter-logging/3.4.0/spring-boot-starter-logging-3.4.0.jar:/home/yqnguyen/.m2/repository/ch/qos/logback/logback-classic/1.5.12/logback-classic-1.5.12.jar:/home/yqnguyen/.m2/repository/ch/qos/logback/logback-core/1.5.12/logback-core-1.5.12.jar:/home/yqnguyen/.m2/repository/org/apache/logging/log4j/log4j-to-slf4j/2.24.1/log4j-to-slf4j-2.24.1.jar:/home/yqnguyen/.m2/repository/org/apache/logging/log4j/log4j-api/2.24.1/log4j-api-2.24.1.jar:/home/yqnguyen/.m2/repository/org/slf4j/jul-to-slf4j/2.0.16/jul-to-slf4j-2.0.16.jar:/home/yqnguyen/.m2/repository/jakarta/annotation/jakarta.annotation-api/2.1.1/jakarta.annotation-api-2.1.1.jar:/home/yqnguyen/.m2/repository/org/yaml/snakeyaml/2.3/snakeyaml-2.3.jar:/home/yqnguyen/.m2/repository/org/springframework/boot/spring-boot-starter-json/3.4.0/spring-boot-starter-json-3.4.0.jar:/home/yqnguyen/.m2/repository/com/fasterxml/jackson/datatype/jackson-datatype-jdk8/2.18.1/jackson-datatype-jdk8-2.18.1.jar:/home/yqnguyen/.m2/repository/com/fasterxml/jackson/datatype/jackson-datatype-jsr310/2.18.1/jackson-datatype-jsr310-2.18.1.jar:/home/yqnguyen/.m2/repository/com/fasterxml/jackson/module/jackson-module-parameter-names/2.18.1/jackson-module-parameter-names-2.18.1.jar:/home/yqnguyen/.m2/repository/org/springframework/boot/spring-boot-starter-tomcat/3.4.0/spring-boot-starter-tomcat-3.4.0.jar:/home/yqnguyen/.m2/repository/org/apache/tomcat/embed/tomcat-embed-core/10.1.33/tomcat-embed-core-10.1.33.jar:/home/yqnguyen/.m2/repository/org/apache/tomcat/embed/tomcat-embed-el/10.1.33/tomcat-embed-el-10.1.33.jar:/home/yqnguyen/.m2/repository/org/apache/tomcat/embed/tomcat-embed-websocket/10.1.33/tomcat-embed-websocket-10.1.33.jar:/home/yqnguyen/.m2/repository/org/springframework/spring-web/6.2.0/spring-web-6.2.0.jar:/home/yqnguyen/.m2/repository/org/springframework/spring-beans/6.2.0/spring-beans-6.2.0.jar:/home/yqnguyen/.m2/repository/io/micrometer/micrometer-observation/1.14.1/micrometer-observation-1.14.1.jar:/home/yqnguyen/.m2/repository/io/micrometer/micrometer-commons/1.14.1/micrometer-commons-1.14.1.jar:/home/yqnguyen/.m2/repository/org/springframework/spring-webmvc/6.2.0/spring-webmvc-6.2.0.jar:/home/yqnguyen/.m2/repository/org/springframework/spring-aop/6.2.0/spring-aop-6.2.0.jar:/home/yqnguyen/.m2/repository/org/springframework/spring-context/6.2.0/spring-context-6.2.0.jar:/home/yqnguyen/.m2/repository/org/springframework/spring-expression/6.2.0/spring-expression-6.2.0.jar:/home/yqnguyen/.m2/repository/org/springframework/cloud/spring-cloud-starter-config/4.2.0-RC1/spring-cloud-starter-config-4.2.0-RC1.jar:/home/yqnguyen/.m2/repository/org/springframework/cloud/spring-cloud-starter/4.2.0-RC1/spring-cloud-starter-4.2.0-RC1.jar:/home/yqnguyen/.m2/repository/org/springframework/cloud/spring-cloud-context/4.2.0-RC1/spring-cloud-context-4.2.0-RC1.jar:/home/yqnguyen/.m2/repository/org/springframework/security/spring-security-crypto/6.4.1/spring-security-crypto-6.4.1.jar:/home/yqnguyen/.m2/repository/org/springframework/cloud/spring-cloud-commons/4.2.0-RC1/spring-cloud-commons-4.2.0-RC1.jar:/home/yqnguyen/.m2/repository/org/bouncycastle/bcprov-jdk18on/1.78.1/bcprov-jdk18on-1.78.1.jar:/home/yqnguyen/.m2/repository/org/springframework/cloud/spring-cloud-config-client/4.2.0-RC1/spring-cloud-config-client-4.2.0-RC1.jar:/home/yqnguyen/.m2/repository/com/fasterxml/jackson/core/jackson-annotations/2.18.1/jackson-annotations-2.18.1.jar:/home/yqnguyen/.m2/repository/org/apache/httpcomponents/client5/httpclient5/5.4.1/httpclient5-5.4.1.jar:/home/yqnguyen/.m2/repository/org/apache/httpcomponents/core5/httpcore5/5.3.1/httpcore5-5.3.1.jar:/home/yqnguyen/.m2/repository/org/apache/httpcomponents/core5/httpcore5-h2/5.3.1/httpcore5-h2-5.3.1.jar:/home/yqnguyen/.m2/repository/com/fasterxml/jackson/core/jackson-databind/2.18.1/jackson-databind-2.18.1.jar:/home/yqnguyen/.m2/repository/com/fasterxml/jackson/core/jackson-core/2.18.1/jackson-core-2.18.1.jar:/home/yqnguyen/.m2/repository/org/springframework/boot/spring-boot-starter-test/3.4.0/spring-boot-starter-test-3.4.0.jar:/home/yqnguyen/.m2/repository/org/springframework/boot/spring-boot-test/3.4.0/spring-boot-test-3.4.0.jar:/home/yqnguyen/.m2/repository/org/springframework/boot/spring-boot-test-autoconfigure/3.4.0/spring-boot-test-autoconfigure-3.4.0.jar:/home/yqnguyen/.m2/repository/com/jayway/jsonpath/json-path/2.9.0/json-path-2.9.0.jar:/home/yqnguyen/.m2/repository/org/slf4j/slf4j-api/2.0.16/slf4j-api-2.0.16.jar:/home/yqnguyen/.m2/repository/jakarta/xml/bind/jakarta.xml.bind-api/4.0.2/jakarta.xml.bind-api-4.0.2.jar:/home/yqnguyen/.m2/repository/jakarta/activation/jakarta.activation-api/2.1.3/jakarta.activation-api-2.1.3.jar:/home/yqnguyen/.m2/repository/net/minidev/json-smart/2.5.1/json-smart-2.5.1.jar:/home/yqnguyen/.m2/repository/net/minidev/accessors-smart/2.5.1/accessors-smart-2.5.1.jar:/home/yqnguyen/.m2/repository/org/ow2/asm/asm/9.6/asm-9.6.jar:/home/yqnguyen/.m2/repository/org/assertj/assertj-core/3.26.3/assertj-core-3.26.3.jar:/home/yqnguyen/.m2/repository/net/bytebuddy/byte-buddy/1.15.10/byte-buddy-1.15.10.jar:/home/yqnguyen/.m2/repository/org/awaitility/awaitility/4.2.2/awaitility-4.2.2.jar:/home/yqnguyen/.m2/repository/org/hamcrest/hamcrest/2.2/hamcrest-2.2.jar:/home/yqnguyen/.m2/repository/org/junit/jupiter/junit-jupiter/5.11.3/junit-jupiter-5.11.3.jar:/home/yqnguyen/.m2/repository/org/junit/jupiter/junit-jupiter-api/5.11.3/junit-jupiter-api-5.11.3.jar:/home/yqnguyen/.m2/repository/org/opentest4j/opentest4j/1.3.0/opentest4j-1.3.0.jar:/home/yqnguyen/.m2/repository/org/junit/platform/junit-platform-commons/1.11.3/junit-platform-commons-1.11.3.jar:/home/yqnguyen/.m2/repository/org/apiguardian/apiguardian-api/1.1.2/apiguardian-api-1.1.2.jar:/home/yqnguyen/.m2/repository/org/junit/jupiter/junit-jupiter-params/5.11.3/junit-jupiter-params-5.11.3.jar:/home/yqnguyen/.m2/repository/org/junit/jupiter/junit-jupiter-engine/5.11.3/junit-jupiter-engine-5.11.3.jar:/home/yqnguyen/.m2/repository/org/junit/platform/junit-platform-engine/1.11.3/junit-platform-engine-1.11.3.jar:/home/yqnguyen/.m2/repository/org/mockito/mockito-core/5.14.2/mockito-core-5.14.2.jar:/home/yqnguyen/.m2/repository/net/bytebuddy/byte-buddy-agent/1.15.10/byte-buddy-agent-1.15.10.jar:/home/yqnguyen/.m2/repository/org/objenesis/objenesis/3.3/objenesis-3.3.jar:/home/yqnguyen/.m2/repository/org/mockito/mockito-junit-jupiter/5.14.2/mockito-junit-jupiter-5.14.2.jar:/home/yqnguyen/.m2/repository/org/skyscreamer/jsonassert/1.5.3/jsonassert-1.5.3.jar:/home/yqnguyen/.m2/repository/com/vaadin/external/google/android-json/0.0.20131108.vaadin1/android-json-0.0.20131108.vaadin1.jar:/home/yqnguyen/.m2/repository/org/springframework/spring-core/6.2.0/spring-core-6.2.0.jar:/home/yqnguyen/.m2/repository/org/springframework/spring-jcl/6.2.0/spring-jcl-6.2.0.jar:/home/yqnguyen/.m2/repository/org/springframework/spring-test/6.2.0/spring-test-6.2.0.jar:/home/yqnguyen/.m2/repository/org/xmlunit/xmlunit-core/2.10.0/xmlunit-core-2.10.0.jar:"/>
    <property name="sun.cpu.endian" value="little"/>
    <property name="user.home" value="/home/yqnguyen"/>
    <property name="user.language" value="fr"/>
    <property name="java.specification.vendor" value="Oracle Corporation"/>
    <property name="java.version.date" value="2024-10-15"/>
    <property name="java.home" value="/usr/lib/jvm/java-17-openjdk-amd64"/>
    <property name="file.separator" value="/"/>
    <property name="basedir" value="/home/yqnguyen/eclipse-workspace/ConfigClient"/>
    <property name="java.vm.compressedOopsMode" value="Zero based"/>
    <property name="line.separator" value="&#10;"/>
    <property name="java.specification.name" value="Java Platform API Specification"/>
    <property name="java.vm.specification.vendor" value="Oracle Corporation"/>
    <property name="FILE_LOG_CHARSET" value="UTF-8"/>
    <property name="java.awt.headless" value="true"/>
    <property name="surefire.real.class.path" value="/home/yqnguyen/eclipse-workspace/ConfigClient/target/surefire/surefirebooter-20241130161711477_3.jar"/>
    <property name="sun.management.compiler" value="HotSpot 64-Bit Tiered Compilers"/>
    <property name="java.runtime.version" value="17.0.13+11-Ubuntu-2ubuntu122.04"/>
    <property name="user.name" value="yqnguyen"/>
    <property name="path.separator" value=":"/>
    <property name="os.version" value="6.8.0-49-generic"/>
    <property name="java.runtime.name" value="OpenJDK Runtime Environment"/>
    <property name="file.encoding" value="UTF-8"/>
    <property name="java.vm.name" value="OpenJDK 64-Bit Server VM"/>
    <property name="localRepository" value="/home/yqnguyen/.m2/repository"/>
    <property name="java.vendor.url.bug" value="https://bugs.launchpad.net/ubuntu/+source/openjdk-17"/>
    <property name="java.io.tmpdir" value="/tmp"/>
    <property name="java.version" value="17.0.13"/>
    <property name="user.dir" value="/home/yqnguyen/eclipse-workspace/ConfigClient"/>
    <property name="os.arch" value="amd64"/>
    <property name="java.vm.specification.name" value="Java Virtual Machine Specification"/>
    <property name="PID" value="11547"/>
    <property name="CONSOLE_LOG_CHARSET" value="UTF-8"/>
    <property name="native.encoding" value="UTF-8"/>
    <property name="java.library.path" value="/usr/java/packages/lib:/usr/lib/x86_64-linux-gnu/jni:/lib/x86_64-linux-gnu:/usr/lib/x86_64-linux-gnu:/usr/lib/jni:/lib:/usr/lib"/>
    <property name="java.vm.info" value="mixed mode, sharing"/>
    <property name="java.vendor" value="Ubuntu"/>
    <property name="java.vm.version" value="17.0.13+11-Ubuntu-2ubuntu122.04"/>
    <property name="java.specification.maintenance.version" value="1"/>
    <property name="sun.io.unicode.encoding" value="UnicodeLittle"/>
    <property name="java.class.version" value="61.0"/>
    <property name="LOGGED_APPLICATION_NAME" value="[client-service] "/>
  </properties>
  <testcase name="contextLoads" classname="fr.insa.ms.server.config.ConfigClient.ConfigClientApplicationTests" time="1.459">
    <system-out><![CDATA[16:17:11.895 [main] INFO org.springframework.test.context.support.AnnotationConfigContextLoaderUtils -- Could not detect default configuration classes for test class [fr.insa.ms.server.config.ConfigClient.ConfigClientApplicationTests]: ConfigClientApplicationTests does not declare any static, non-private, non-final, nested classes annotated with @Configuration.
16:17:11.946 [main] INFO org.springframework.boot.test.context.SpringBootTestContextBootstrapper -- Found @SpringBootConfiguration fr.insa.ms.server.config.ConfigClient.ConfigClientApplication for test class fr.insa.ms.server.config.ConfigClient.ConfigClientApplicationTests

  .   ____          _            __ _ _
 /\\ / ___'_ __ _ _(_)_ __  __ _ \ \ \ \
( ( )\___ | '_ | '_| | '_ \/ _` | \ \ \ \
 \\/  ___)| |_)| | | | | || (_| |  ) ) ) )
  '  |____| .__|_| |_|_| |_\__, | / / / /
 =========|_|==============|___/=/_/_/_/

 :: Spring Boot ::                (v3.4.0)

2024-11-30T16:17:13.250+01:00  INFO 11547 --- [client-service] [           main] f.i.m.s.c.C.ConfigClientApplicationTests : Starting ConfigClientApplicationTests using Java 17.0.13 with PID 11547 (started by yqnguyen in /home/yqnguyen/eclipse-workspace/ConfigClient)
2024-11-30T16:17:13.251+01:00  INFO 11547 --- [client-service] [           main] f.i.m.s.c.C.ConfigClientApplicationTests : No active profile set, falling back to 1 default profile: "default"
2024-11-30T16:17:13.267+01:00  INFO 11547 --- [client-service] [           main] o.s.c.c.c.ConfigServerConfigDataLoader   : Fetching config from server at : http://localhost:8888
2024-11-30T16:17:13.267+01:00  INFO 11547 --- [client-service] [           main] o.s.c.c.c.ConfigServerConfigDataLoader   : Located environment: name=client-service, profiles=[default], label=MicroServices_Tuto, version=a4ac9b1fed4e30bd9a37e1268a3cd3ca4d4f8efc, state=
2024-11-30T16:17:13.552+01:00  INFO 11547 --- [client-service] [           main] o.s.cloud.context.scope.GenericScope     : BeanFactory id=3cd94a52-83bf-38a4-94e1-9995eaa24aa5
2024-11-30T16:17:13.807+01:00  INFO 11547 --- [client-service] [           main] f.i.m.s.c.C.ConfigClientApplicationTests : Started ConfigClientApplicationTests in 1.714 seconds (process running for 2.285)
]]></system-out>
  </testcase>
</testsuite>